<?xml version="1.0" encoding="UTF-8"?>
<!-- Generated by org.testng.reporters.JUnitReportReporter -->
<testsuite skipped="0" hostname="ROS-PC331" name="test.Mouth" tests="1" failures="0" timestamp="07 Jun 2019 11:56:38 GMT" time="45.472" errors="0">
  <testcase name="ConfirmationPendingAlert_Reports" time="45.472" classname="test.Mouth"/>
</testsuite> <!-- test.Mouth -->
