<?xml version="1.0" encoding="UTF-8"?>
<!-- Generated by org.testng.reporters.JUnitReportReporter -->
<testsuite skipped="0" hostname="ROS-PC331" name="test.Report_10AM" tests="1" failures="0" timestamp="18 Apr 2019 11:34:05 GMT" time="14.034" errors="0">
  <testcase name="Report_10_30AM" time="14.034" classname="test.Report_10AM"/>
</testsuite> <!-- test.Report_10AM -->
