<?xml version="1.0" encoding="UTF-8"?>
<!-- Generated by org.testng.reporters.JUnitReportReporter -->
<testsuite skipped="0" hostname="ROS-PC331" name="test.Flights_Yesterday_Report" tests="1" failures="0" timestamp="05 Apr 2019 03:50:57 GMT" time="416.625" errors="0">
  <testcase name="Flights_Yesterday_Booking_Status_Report" time="416.625" classname="test.Flights_Yesterday_Report"/>
</testsuite> <!-- test.Flights_Yesterday_Report -->
