<?xml version="1.0" encoding="UTF-8"?>
<!-- Generated by org.testng.reporters.JUnitReportReporter -->
<testsuite skipped="0" hostname="ROS-PC331" name="CareemCabsTest.Cab_Yesterday_Reports" tests="1" failures="0" timestamp="14 Oct 2019 04:02:51 GMT" time="120.650" errors="0">
  <testcase name="Cabs_Yesterday_Booking_Status_Reports" time="120.650" classname="CareemCabsTest.Cab_Yesterday_Reports"/>
</testsuite> <!-- CareemCabsTest.Cab_Yesterday_Reports -->
