<?xml version="1.0" encoding="UTF-8"?>
<!-- Generated by org.testng.reporters.JUnitReportReporter -->
<testsuite skipped="0" hostname="ROS-PC331" name="test.F_D" tests="1" failures="0" timestamp="27 Mar 2019 09:06:31 GMT" time="333.361" errors="0">
  <testcase name="test_FD" time="333.361" classname="test.F_D"/>
</testsuite> <!-- test.F_D -->
