<?xml version="1.0" encoding="UTF-8"?>
<!-- Generated by org.testng.reporters.JUnitReportReporter -->
<testsuite skipped="0" hostname="ROS-PC331" name="test.Hotels_Yesterday_Last_Month" tests="1" failures="0" timestamp="01 Oct 2019 04:13:41 GMT" time="195.500" errors="0">
  <testcase name="Hotels_Yesterday_Lastmonth_Booking_Status_Report" time="195.500" classname="test.Hotels_Yesterday_Last_Month"/>
</testsuite> <!-- test.Hotels_Yesterday_Last_Month -->
