<?xml version="1.0" encoding="UTF-8"?>
<!-- Generated by org.testng.reporters.JUnitReportReporter -->
<testsuite skipped="0" hostname="ROS-PC331" name="DiffrentReports.Report_6PM_Dif" tests="1" failures="0" timestamp="13 Oct 2019 13:24:35 GMT" time="42.528" errors="0">
  <testcase name="different_Report_6PM" time="42.528" classname="DiffrentReports.Report_6PM_Dif"/>
</testsuite> <!-- DiffrentReports.Report_6PM_Dif -->
