<?xml version="1.0" encoding="UTF-8"?>
<!-- Generated by org.testng.reporters.JUnitReportReporter -->
<testsuite skipped="0" hostname="ROS-PC331" name="newFormateReports.New_Report_10PM" tests="1" failures="0" timestamp="13 Oct 2019 17:22:17 GMT" time="40.904" errors="0">
  <testcase name="Repricing_10PM" time="40.904" classname="newFormateReports.New_Report_10PM"/>
</testsuite> <!-- newFormateReports.New_Report_10PM -->
