<?xml version="1.0" encoding="UTF-8"?>
<!-- Generated by org.testng.reporters.JUnitReportReporter -->
<testsuite skipped="0" hostname="ROS-PC331" name="test.Repricing_2AM_Report" tests="1" failures="0" timestamp="13 Oct 2019 20:35:59 GMT" time="247.989" errors="0">
  <testcase name="Repricing_2AM_Report_Status" time="247.989" classname="test.Repricing_2AM_Report"/>
</testsuite> <!-- test.Repricing_2AM_Report -->
