<?xml version="1.0" encoding="UTF-8"?>
<!-- Generated by org.testng.reporters.JUnitReportReporter -->
<testsuite skipped="0" hostname="ROS-PC331" name="test.Hotels_Daily_Report" tests="1" failures="0" timestamp="14 Oct 2019 06:44:31 GMT" time="209.083" errors="0">
  <testcase name="Hotels_Daily_Booking_Status_Report" time="209.083" classname="test.Hotels_Daily_Report"/>
</testsuite> <!-- test.Hotels_Daily_Report -->
