<?xml version="1.0" encoding="UTF-8"?>
<!-- Generated by org.testng.reporters.JUnitReportReporter -->
<testsuite skipped="0" hostname="ROS-PC331" name="newFormateReports.New_Report_8AM" tests="1" failures="0" timestamp="14 Oct 2019 03:22:13 GMT" time="41.841" errors="0">
  <testcase name="Repricing_8AM" time="41.841" classname="newFormateReports.New_Report_8AM"/>
</testsuite> <!-- newFormateReports.New_Report_8AM -->
