<?xml version="1.0" encoding="UTF-8"?>
<!-- Generated by org.testng.reporters.JUnitReportReporter -->
<testsuite skipped="0" hostname="ROS-PC331" name="test.RehlatExtensionCase" tests="1" failures="0" timestamp="29 May 2019 07:07:36 GMT" time="202.638" errors="0">
  <testcase name="testExtension" time="202.638" classname="test.RehlatExtensionCase"/>
</testsuite> <!-- test.RehlatExtensionCase -->
