<?xml version="1.0" encoding="UTF-8"?>
<!-- Generated by org.testng.reporters.JUnitReportReporter -->
<testsuite skipped="0" hostname="ROS-PC331" name="test.DElete" tests="1" failures="0" timestamp="21 May 2019 08:54:37 GMT" time="458.205" errors="0">
  <testcase name="Flight_Daily_Booking_Status_Reports_delete" time="458.205" classname="test.DElete"/>
</testsuite> <!-- test.DElete -->
