<?xml version="1.0" encoding="UTF-8"?>
<!-- Generated by org.testng.reporters.JUnitReportReporter -->
<testsuite skipped="0" hostname="ROS-PC331" name="newFormateReports.New_Report_2PM" tests="1" failures="0" timestamp="14 Oct 2019 09:22:06 GMT" time="28.590" errors="0">
  <testcase name="Repricing_2PM" time="28.590" classname="newFormateReports.New_Report_2PM"/>
</testsuite> <!-- newFormateReports.New_Report_2PM -->
