<?xml version="1.0" encoding="UTF-8"?>
<!-- Generated by org.testng.reporters.JUnitReportReporter -->
<testsuite skipped="0" hostname="ROS-PC331" name="newFormateReports.New_Report_8PM" tests="1" failures="0" timestamp="13 Oct 2019 15:24:17 GMT" time="41.023" errors="0">
  <testcase name="Repricing_8PM" time="41.023" classname="newFormateReports.New_Report_8PM"/>
</testsuite> <!-- newFormateReports.New_Report_8PM -->
