<?xml version="1.0" encoding="UTF-8"?>
<!-- Generated by org.testng.reporters.JUnitReportReporter -->
<testsuite skipped="0" hostname="ROS-PC331" name="newFormateReports.New_Report_4PM" tests="1" failures="0" timestamp="13 Oct 2019 11:24:15 GMT" time="40.974" errors="0">
  <testcase name="Repricing_4PM" time="40.974" classname="newFormateReports.New_Report_4PM"/>
</testsuite> <!-- newFormateReports.New_Report_4PM -->
