<?xml version="1.0" encoding="UTF-8"?>
<!-- Generated by org.testng.reporters.JUnitReportReporter -->
<testsuite skipped="0" hostname="ROS-PC331" name="DiffrentReports.Report_2PM_Dif" tests="1" failures="0" timestamp="14 Oct 2019 09:22:06 GMT" time="38.695" errors="0">
  <testcase name="different_Report_2PM" time="38.695" classname="DiffrentReports.Report_2PM_Dif"/>
</testsuite> <!-- DiffrentReports.Report_2PM_Dif -->
