<?xml version="1.0" encoding="UTF-8"?>
<!-- Generated by org.testng.reporters.JUnitReportReporter -->
<testsuite skipped="1" hostname="ROS-PC331" name="CareemCabsTest.Cab_Daily_Reports" tests="2" failures="0" timestamp="14 Oct 2019 07:05:00 GMT" time="240.781" errors="0">
  <testcase name="Cabs_Daily_Booking_Status_Reports" time="115.949" classname="CareemCabsTest.Cab_Daily_Reports"/>
  <testcase name="Cabs_Daily_Booking_Status_Reports" time="124.832" classname="CareemCabsTest.Cab_Daily_Reports">
    <skipped/>
  </testcase> <!-- Cabs_Daily_Booking_Status_Reports -->
</testsuite> <!-- CareemCabsTest.Cab_Daily_Reports -->
