<?xml version="1.0" encoding="UTF-8"?>
<!-- Generated by org.testng.reporters.JUnitReportReporter -->
<testsuite skipped="0" hostname="ROS-PC331" name="test.Hotels_Yesterday_Report" tests="1" failures="0" timestamp="13 Oct 2019 04:24:16 GMT" time="202.931" errors="0">
  <testcase name="Hotels_Yesterday_Booking_Status_Report" time="202.931" classname="test.Hotels_Yesterday_Report"/>
</testsuite> <!-- test.Hotels_Yesterday_Report -->
