<?xml version="1.0" encoding="UTF-8"?>
<!-- Generated by org.testng.reporters.JUnitReportReporter -->
<testsuite skipped="0" hostname="ROS-PC331" name="test.B2B_SKYSHOP" tests="1" failures="0" timestamp="14 Oct 2019 09:32:16 GMT" time="77.096" errors="0">
  <testcase name="ConfirmationPendingAlert_Reports" time="77.096" classname="test.B2B_SKYSHOP"/>
</testsuite> <!-- test.B2B_SKYSHOP -->
