<?xml version="1.0" encoding="UTF-8"?>
<!-- Generated by org.testng.reporters.JUnitReportReporter -->
<testsuite skipped="0" hostname="ROS-PC331" name="DiffrentReports.Report_8AM_Dif" tests="1" failures="0" timestamp="14 Oct 2019 03:22:13 GMT" time="41.494" errors="0">
  <testcase name="Repricing_10AM" time="41.494" classname="DiffrentReports.Report_8AM_Dif"/>
</testsuite> <!-- DiffrentReports.Report_8AM_Dif -->
