<?xml version="1.0" encoding="UTF-8"?>
<!-- Generated by org.testng.reporters.JUnitReportReporter -->
<testsuite skipped="0" hostname="ROS-PC331" name="test.Flights_Yesterday_LastMonth_Supplier_Report" tests="1" failures="0" timestamp="01 Oct 2019 03:55:02 GMT" time="576.345" errors="0">
  <testcase name="Flights_Yesterday_Lastmonth_Booking_Status_Report" time="576.345" classname="test.Flights_Yesterday_LastMonth_Supplier_Report"/>
</testsuite> <!-- test.Flights_Yesterday_LastMonth_Supplier_Report -->
