<?xml version="1.0" encoding="UTF-8"?>
<!-- Generated by org.testng.reporters.JUnitReportReporter -->
<testsuite skipped="0" hostname="ROS-PC331" name="DiffrentReports.Report_Yesterday_Dif" tests="1" failures="0" timestamp="14 Oct 2019 04:16:31 GMT" time="42.220" errors="0">
  <testcase name="different_Yesterday_Report" time="42.220" classname="DiffrentReports.Report_Yesterday_Dif"/>
</testsuite> <!-- DiffrentReports.Report_Yesterday_Dif -->
