<?xml version="1.0" encoding="UTF-8"?>
<!-- Generated by org.testng.reporters.JUnitReportReporter -->
<testsuite skipped="0" hostname="ROS-PC331" name="test.Flights_Supplier_Report" tests="1" failures="0" timestamp="14 Oct 2019 09:12:30 GMT" time="691.539" errors="0">
  <testcase name="Flight_Daily_Booking_Status_Reports" time="691.539" classname="test.Flights_Supplier_Report"/>
</testsuite> <!-- test.Flights_Supplier_Report -->
