<?xml version="1.0" encoding="UTF-8"?>
<!-- Generated by org.testng.reporters.JUnitReportReporter -->
<testsuite skipped="0" hostname="ROS-PC331" name="test.Flights_Yesterday_Supplier_Report" tests="1" failures="0" timestamp="14 Oct 2019 03:55:16 GMT" time="626.775" errors="0">
  <testcase name="Flights_Yesterday_Booking_Status_Report" time="626.775" classname="test.Flights_Yesterday_Supplier_Report"/>
</testsuite> <!-- test.Flights_Yesterday_Supplier_Report -->
