<?xml version="1.0" encoding="UTF-8"?>
<!-- Generated by org.testng.reporters.JUnitReportReporter -->
<testsuite skipped="0" hostname="ROS-PC331" name="DiffrentReports.Report_8PM_Dif" tests="1" failures="0" timestamp="13 Oct 2019 15:24:17 GMT" time="44.167" errors="0">
  <testcase name="different_Report_8PM" time="44.167" classname="DiffrentReports.Report_8PM_Dif"/>
</testsuite> <!-- DiffrentReports.Report_8PM_Dif -->
