<?xml version="1.0" encoding="UTF-8"?>
<!-- Generated by org.testng.reporters.JUnitReportReporter -->
<testsuite skipped="0" hostname="ROS-PC331" name="DiffrentReports.Report_4PM_Dif" tests="1" failures="0" timestamp="13 Oct 2019 11:24:15 GMT" time="41.888" errors="0">
  <testcase name="different_Report_4PM" time="41.888" classname="DiffrentReports.Report_4PM_Dif"/>
</testsuite> <!-- DiffrentReports.Report_4PM_Dif -->
