<?xml version="1.0" encoding="UTF-8"?>
<!-- Generated by org.testng.reporters.JUnitReportReporter -->
<testsuite skipped="0" hostname="ROS-PC331" name="test.DummySuppliers" tests="1" failures="0" timestamp="20 May 2019 06:55:15 GMT" time="115.056" errors="0">
  <testcase name="Flight_Daily_Booking_Status_Reports" time="115.056" classname="test.DummySuppliers"/>
</testsuite> <!-- test.DummySuppliers -->
