<?xml version="1.0" encoding="UTF-8"?>
<!-- Generated by org.testng.reporters.JUnitReportReporter -->
<testsuite skipped="0" hostname="ROS-PC331" name="DiffrentReports.Report_10AM_Dif" tests="1" failures="0" timestamp="14 Oct 2019 05:50:41 GMT" time="19.546" errors="0">
  <testcase name="Repricing_10AM" time="19.546" classname="DiffrentReports.Report_10AM_Dif"/>
</testsuite> <!-- DiffrentReports.Report_10AM_Dif -->
