<?xml version="1.0" encoding="UTF-8"?>
<!-- Generated by org.testng.reporters.JUnitReportReporter -->
<testsuite skipped="0" hostname="ROS-PC331" name="test.RepricingStatusReport" tests="1" failures="0" timestamp="14 Oct 2019 04:33:37 GMT" time="154.480" errors="0">
  <testcase name="Repricing_Status_Report" time="154.480" classname="test.RepricingStatusReport"/>
</testsuite> <!-- test.RepricingStatusReport -->
