<?xml version="1.0" encoding="UTF-8"?>
<!-- Generated by org.testng.reporters.JUnitReportReporter -->
<testsuite skipped="0" hostname="ROS-PC331" name="newFormateData.FlyDubai" tests="1" failures="0" timestamp="26 Jul 2019 10:00:38 GMT" time="206.039" errors="0">
  <testcase name="Fly" time="206.039" classname="newFormateData.FlyDubai"/>
</testsuite> <!-- newFormateData.FlyDubai -->
