<?xml version="1.0" encoding="UTF-8"?>
<!-- Generated by org.testng.reporters.JUnitReportReporter -->
<testsuite skipped="0" hostname="ROS-PC331" name="newFormateReports.FlightS_Daily_Report_New" tests="1" failures="0" timestamp="23 Jul 2019 09:21:18 GMT" time="403.562" errors="0">
  <testcase name="Flight_Daily_Booking_Status_Reports" time="403.562" classname="newFormateReports.FlightS_Daily_Report_New"/>
</testsuite> <!-- newFormateReports.FlightS_Daily_Report_New -->
