<?xml version="1.0" encoding="UTF-8"?>
<!-- Generated by org.testng.reporters.JUnitReportReporter -->
<testsuite skipped="0" hostname="ROS-PC331" name="test.Report_12PM" tests="1" failures="0" timestamp="18 Apr 2019 11:49:42 GMT" time="15.022" errors="0">
  <testcase name="Report_12_30PM" time="15.022" classname="test.Report_12PM"/>
</testsuite> <!-- test.Report_12PM -->
